2024-07-19 14:58:04.207 [info] 로그 수준: Info
2024-07-19 14:58:04.207 [info] "git"에서 찾은 git 유효성을 검사하는 중
2024-07-19 14:58:04.207 [info] "2.34.1"에서 git "git"을(를) 사용하는 중
2024-07-19 14:58:04.207 [info] > git rev-parse --show-toplevel [10ms]
2024-07-19 14:58:04.207 [info] fatal: not a git repository (or any of the parent directories): .git
2024-07-19 14:58:04.207 [info] > git rev-parse --show-toplevel [11ms]
2024-07-19 14:58:04.207 [info] fatal: not a git repository (or any of the parent directories): .git
2024-07-19 14:58:04.212 [info] > git rev-parse --show-toplevel [2ms]
2024-07-19 14:58:04.212 [info] fatal: not a git repository (or any of the parent directories): .git
2024-07-19 14:58:04.215 [info] > git rev-parse --show-toplevel [1ms]
2024-07-19 14:58:04.215 [info] fatal: not a git repository (or any of the parent directories): .git
2024-07-19 14:58:04.221 [info] > git rev-parse --show-toplevel [3ms]
2024-07-19 14:58:04.221 [info] fatal: not a git repository (or any of the parent directories): .git
2024-07-19 14:58:04.224 [info] > git rev-parse --show-toplevel [1ms]
2024-07-19 14:58:04.224 [info] fatal: not a git repository (or any of the parent directories): .git
2024-07-19 14:58:04.226 [info] > git rev-parse --show-toplevel [0ms]
2024-07-19 14:58:04.226 [info] fatal: not a git repository (or any of the parent directories): .git
2024-07-19 14:58:04.229 [info] > git rev-parse --show-toplevel [1ms]
2024-07-19 14:58:04.229 [info] fatal: not a git repository (or any of the parent directories): .git
2024-07-19 14:58:04.232 [info] > git rev-parse --show-toplevel [0ms]
2024-07-19 14:58:04.232 [info] fatal: not a git repository (or any of the parent directories): .git
