2024-07-19 16:06:30.204 [info] 로그 수준: Info
2024-07-19 16:06:30.204 [info] "git"에서 찾은 git 유효성을 검사하는 중
2024-07-19 16:06:30.204 [info] "2.34.1"에서 git "git"을(를) 사용하는 중
2024-07-19 16:06:30.204 [info] > git rev-parse --show-toplevel [10ms]
2024-07-19 16:06:30.204 [info] fatal: not a git repository (or any of the parent directories): .git
2024-07-19 16:06:30.204 [info] > git rev-parse --show-toplevel [2ms]
2024-07-19 16:06:30.204 [info] fatal: not a git repository (or any of the parent directories): .git
2024-07-19 16:06:30.204 [info] > git rev-parse --show-toplevel [2ms]
2024-07-19 16:06:30.204 [info] fatal: not a git repository (or any of the parent directories): .git
2024-07-19 16:06:30.205 [info] > git rev-parse --show-toplevel [2ms]
2024-07-19 16:06:30.205 [info] fatal: not a git repository (or any of the parent directories): .git
2024-07-19 16:06:30.211 [info] > git rev-parse --show-toplevel [1ms]
2024-07-19 16:06:30.211 [info] fatal: not a git repository (or any of the parent directories): .git
2024-07-19 16:06:30.218 [info] > git rev-parse --show-toplevel [1ms]
2024-07-19 16:06:30.218 [info] fatal: not a git repository (or any of the parent directories): .git
2024-07-19 16:06:30.222 [info] > git rev-parse --show-toplevel [1ms]
2024-07-19 16:06:30.222 [info] fatal: not a git repository (or any of the parent directories): .git
2024-07-19 16:06:30.228 [info] > git rev-parse --show-toplevel [0ms]
2024-07-19 16:06:30.228 [info] fatal: not a git repository (or any of the parent directories): .git
2024-07-19 16:06:30.232 [info] > git rev-parse --show-toplevel [0ms]
2024-07-19 16:06:30.233 [info] fatal: not a git repository (or any of the parent directories): .git
