2024-07-19 14:12:41.877 [info] 로그 수준: Info
2024-07-19 14:12:41.877 [info] "git"에서 찾은 git 유효성을 검사하는 중
2024-07-19 14:12:41.877 [info] "2.34.1"에서 git "git"을(를) 사용하는 중
2024-07-19 14:12:41.877 [info] > git rev-parse --show-toplevel [10ms]
2024-07-19 14:12:41.877 [info] fatal: not a git repository (or any of the parent directories): .git
2024-07-19 14:12:41.877 [info] > git rev-parse --show-toplevel [13ms]
2024-07-19 14:12:41.877 [info] fatal: not a git repository (or any of the parent directories): .git
2024-07-19 14:12:41.955 [info] > git rev-parse --show-toplevel [72ms]
2024-07-19 14:12:41.955 [info] fatal: not a git repository (or any of the parent directories): .git
2024-07-19 14:12:41.964 [info] > git rev-parse --show-toplevel [4ms]
2024-07-19 14:12:41.964 [info] fatal: not a git repository (or any of the parent directories): .git
2024-07-19 14:12:41.969 [info] > git rev-parse --show-toplevel [2ms]
2024-07-19 14:12:41.969 [info] fatal: not a git repository (or any of the parent directories): .git
2024-07-19 14:12:41.974 [info] > git rev-parse --show-toplevel [2ms]
2024-07-19 14:12:41.974 [info] fatal: not a git repository (or any of the parent directories): .git
2024-07-19 14:12:41.979 [info] > git rev-parse --show-toplevel [3ms]
2024-07-19 14:12:41.979 [info] fatal: not a git repository (or any of the parent directories): .git
2024-07-19 14:12:41.984 [info] > git rev-parse --show-toplevel [2ms]
2024-07-19 14:12:41.984 [info] fatal: not a git repository (or any of the parent directories): .git
2024-07-19 14:12:41.991 [info] > git rev-parse --show-toplevel [4ms]
2024-07-19 14:12:41.991 [info] fatal: not a git repository (or any of the parent directories): .git
2024-07-19 14:23:24.056 [info] > git rev-parse --show-toplevel [16ms]
2024-07-19 14:23:24.057 [info] fatal: not a git repository (or any of the parent directories): .git
2024-07-19 14:33:45.842 [info] > git rev-parse --show-toplevel [2ms]
2024-07-19 14:33:45.842 [info] fatal: not a git repository (or any of the parent directories): .git
