2024-07-17 12:22:31.681 [info] 로그 수준: Info
2024-07-17 12:22:31.681 [info] "git"에서 찾은 git 유효성을 검사하는 중
2024-07-17 12:22:31.681 [info] "2.34.1"에서 git "git"을(를) 사용하는 중
2024-07-17 12:22:31.681 [info] > git rev-parse --show-toplevel [15ms]
2024-07-17 12:22:31.681 [info] > git rev-parse --git-dir --git-common-dir [3ms]
2024-07-17 12:22:31.681 [info] Open repository: /home/username
2024-07-17 12:22:31.681 [info] > git config --get commit.template [4ms]
2024-07-17 12:22:31.682 [info] > git rev-parse --show-toplevel [3ms]
2024-07-17 12:22:31.685 [info] No remotes found in the git config file.
2024-07-17 12:22:31.688 [info] > git for-each-ref --format=%(refname)%00%(upstream:short)%00%(objectname)%00%(upstream:track)%00%(upstream:remotename)%00%(upstream:remoteref) refs/heads/main refs/remotes/main [4ms]
2024-07-17 12:22:31.688 [warning] No such branch: main.
2024-07-17 12:22:31.692 [info] > git rev-parse --show-toplevel [5ms]
2024-07-17 12:22:31.701 [info] > git rev-parse --show-toplevel [5ms]
2024-07-17 12:22:31.709 [info] > git rev-parse --show-toplevel [5ms]
2024-07-17 12:22:31.712 [info] > git rev-parse --show-toplevel [2ms]
2024-07-17 12:22:31.715 [info] > git rev-parse --show-toplevel [2ms]
2024-07-17 12:22:31.717 [info] > git rev-parse --show-toplevel [1ms]
2024-07-17 12:22:31.723 [info] > git status -z -uall [32ms]
2024-07-17 12:22:32.093 [info] > git for-each-ref --format=%(refname)%00%(upstream:short)%00%(objectname)%00%(upstream:track)%00%(upstream:remotename)%00%(upstream:remoteref) refs/heads/main refs/remotes/main [351ms]
2024-07-17 12:22:32.093 [warning] No such branch: main.
2024-07-17 12:22:32.094 [info] > git rev-parse --show-toplevel [376ms]
2024-07-17 12:22:32.103 [info] > git config --get commit.template [12ms]
2024-07-17 12:22:32.104 [info] No remotes found in the git config file.
2024-07-17 12:22:32.118 [info] > git for-each-ref --format=%(refname)%00%(upstream:short)%00%(objectname)%00%(upstream:track)%00%(upstream:remotename)%00%(upstream:remoteref) refs/heads/main refs/remotes/main [13ms]
2024-07-17 12:22:32.118 [warning] No such branch: main.
2024-07-17 12:22:32.153 [info] > git status -z -uall [33ms]
2024-07-17 12:22:32.189 [info] > git for-each-ref --format=%(refname)%00%(upstream:short)%00%(objectname)%00%(upstream:track)%00%(upstream:remotename)%00%(upstream:remoteref) refs/heads/main refs/remotes/main [26ms]
2024-07-17 12:22:32.189 [warning] No such branch: main.
2024-07-17 12:22:32.205 [info] > git check-ignore -v -z --stdin [3ms]
2024-07-17 12:22:32.247 [info] > git show --textconv :02.RDBMS/sqlLab.sql [3ms]
2024-07-17 12:22:32.250 [info] > git ls-files --stage -- /home/username/02.RDBMS/sqlLab.sql [4ms]
2024-07-17 12:22:32.252 [info] > git cat-file -s 41f035a028822b4bc9dd36c5830d2bcf9c52a8d2 [0ms]
2024-07-17 12:22:35.066 [info] > git check-ignore -v -z --stdin [8ms]
2024-07-17 12:22:42.103 [info] > git check-ignore -v -z --stdin [4ms]
2024-07-17 12:22:42.854 [info] > git check-ignore -v -z --stdin [3ms]
2024-07-17 12:24:18.612 [info] No remotes found in the git config file.
2024-07-17 12:24:18.612 [info] > git for-each-ref --format=%(refname)%00%(upstream:short)%00%(objectname)%00%(upstream:track)%00%(upstream:remotename)%00%(upstream:remoteref) refs/heads/main refs/remotes/main [1ms]
2024-07-17 12:24:18.613 [warning] No such branch: main.
2024-07-17 12:24:18.614 [info] > git config --get commit.template [7ms]
2024-07-17 12:24:18.641 [info] > git status -z -uall [22ms]
2024-07-17 12:24:18.684 [info] > git for-each-ref --format=%(refname)%00%(upstream:short)%00%(objectname)%00%(upstream:track)%00%(upstream:remotename)%00%(upstream:remoteref) refs/heads/main refs/remotes/main [28ms]
2024-07-17 12:24:18.684 [warning] No such branch: main.
2024-07-17 12:24:30.468 [info] No remotes found in the git config file.
2024-07-17 12:24:30.474 [info] > git config --get commit.template [6ms]
2024-07-17 12:24:30.474 [info] > git for-each-ref --format=%(refname)%00%(upstream:short)%00%(objectname)%00%(upstream:track)%00%(upstream:remotename)%00%(upstream:remoteref) refs/heads/main refs/remotes/main [3ms]
2024-07-17 12:24:30.474 [warning] No such branch: main.
2024-07-17 12:24:30.495 [info] > git status -z -uall [19ms]
2024-07-17 12:24:30.539 [info] > git for-each-ref --format=%(refname)%00%(upstream:short)%00%(objectname)%00%(upstream:track)%00%(upstream:remotename)%00%(upstream:remoteref) refs/heads/main refs/remotes/main [36ms]
2024-07-17 12:24:30.539 [warning] No such branch: main.
2024-07-17 12:28:27.411 [info] > git config --get commit.template [1ms]
2024-07-17 12:28:27.418 [info] No remotes found in the git config file.
2024-07-17 12:28:27.419 [info] > git for-each-ref --format=%(refname)%00%(upstream:short)%00%(objectname)%00%(upstream:track)%00%(upstream:remotename)%00%(upstream:remoteref) refs/heads/main refs/remotes/main [2ms]
2024-07-17 12:28:27.419 [warning] No such branch: main.
2024-07-17 12:28:27.442 [info] > git status -z -uall [21ms]
2024-07-17 12:28:27.485 [info] > git for-each-ref --format=%(refname)%00%(upstream:short)%00%(objectname)%00%(upstream:track)%00%(upstream:remotename)%00%(upstream:remoteref) refs/heads/main refs/remotes/main [26ms]
2024-07-17 12:28:27.485 [warning] No such branch: main.
2024-07-17 12:28:28.343 [info] > git check-ignore -v -z --stdin [2ms]
2024-07-17 12:28:32.494 [info] > git config --get commit.template [3ms]
2024-07-17 12:28:32.497 [info] No remotes found in the git config file.
2024-07-17 12:28:32.498 [info] > git for-each-ref --format=%(refname)%00%(upstream:short)%00%(objectname)%00%(upstream:track)%00%(upstream:remotename)%00%(upstream:remoteref) refs/heads/main refs/remotes/main [0ms]
2024-07-17 12:28:32.498 [warning] No such branch: main.
2024-07-17 12:28:32.516 [info] > git status -z -uall [16ms]
2024-07-17 12:28:32.549 [info] > git for-each-ref --format=%(refname)%00%(upstream:short)%00%(objectname)%00%(upstream:track)%00%(upstream:remotename)%00%(upstream:remoteref) refs/heads/main refs/remotes/main [27ms]
2024-07-17 12:28:32.550 [warning] No such branch: main.
2024-07-17 12:28:37.555 [info] No remotes found in the git config file.
2024-07-17 12:28:37.556 [info] > git config --get commit.template [3ms]
2024-07-17 12:28:37.556 [info] > git for-each-ref --format=%(refname)%00%(upstream:short)%00%(objectname)%00%(upstream:track)%00%(upstream:remotename)%00%(upstream:remoteref) refs/heads/main refs/remotes/main [2ms]
2024-07-17 12:28:37.557 [warning] No such branch: main.
2024-07-17 12:28:37.575 [info] > git status -z -uall [17ms]
2024-07-17 12:28:37.603 [info] > git for-each-ref --format=%(refname)%00%(upstream:short)%00%(objectname)%00%(upstream:track)%00%(upstream:remotename)%00%(upstream:remoteref) refs/heads/main refs/remotes/main [18ms]
2024-07-17 12:28:37.603 [warning] No such branch: main.
2024-07-17 12:28:42.609 [info] No remotes found in the git config file.
2024-07-17 12:28:42.610 [info] > git config --get commit.template [3ms]
2024-07-17 12:28:42.610 [info] > git for-each-ref --format=%(refname)%00%(upstream:short)%00%(objectname)%00%(upstream:track)%00%(upstream:remotename)%00%(upstream:remoteref) refs/heads/main refs/remotes/main [1ms]
2024-07-17 12:28:42.610 [warning] No such branch: main.
2024-07-17 12:28:42.630 [info] > git status -z -uall [17ms]
2024-07-17 12:28:42.664 [info] > git for-each-ref --format=%(refname)%00%(upstream:short)%00%(objectname)%00%(upstream:track)%00%(upstream:remotename)%00%(upstream:remoteref) refs/heads/main refs/remotes/main [17ms]
2024-07-17 12:28:42.664 [warning] No such branch: main.
2024-07-17 12:28:47.671 [info] No remotes found in the git config file.
2024-07-17 12:28:47.672 [info] > git config --get commit.template [4ms]
2024-07-17 12:28:47.674 [info] > git for-each-ref --format=%(refname)%00%(upstream:short)%00%(objectname)%00%(upstream:track)%00%(upstream:remotename)%00%(upstream:remoteref) refs/heads/main refs/remotes/main [4ms]
2024-07-17 12:28:47.674 [warning] No such branch: main.
2024-07-17 12:28:47.693 [info] > git status -z -uall [17ms]
2024-07-17 12:28:47.721 [info] > git for-each-ref --format=%(refname)%00%(upstream:short)%00%(objectname)%00%(upstream:track)%00%(upstream:remotename)%00%(upstream:remoteref) refs/heads/main refs/remotes/main [19ms]
2024-07-17 12:28:47.721 [warning] No such branch: main.
